Paris 2023 Contenders Autograph Stickers
Quantidade: 24
Preco Epoca: R$1.29
Total: R$30.96

Hoje
Preco Atual: R$1.29
Total: R$30.96
Lucro: R$0.0
-----------

Paris 2023 Contenders Sticker Capsule
Quantidade: 52
Preco Epoca: R$1.29
Total: R$67.08

Hoje
Preco Atual: R$1.24
Total: R$64.48
Lucro: R$-2.5999999999999943
-----------

Paris 2023 Challengers Autograph
Quantidade: 20
Preco Epoca: R$1.10
Total: R$36.00

Hoje
Preco Atual: R$1.44
Total: R$28.799999999999997
Lucro: R$6.799999999999997
-----------

Resultado Final
TOTAL: R$ 4.200000000000003

