and(not(0),not(0))
and(not(0),not(1))
and(not(1),not(0))
and(not(1),not(1))
not(and(0,0))
not(and(0,1))
not(and(1,0))
not(and(1,1))
and(or(0,0),not(and(0,0)))
and(or(0,0),not(and(0,1)))
and(or(0,1),not(and(1,0)))
and(or(0,1),not(and(1,1)))
and(or(1,0),not(and(0,0)))
and(or(1,0),not(and(0,1)))
and(or(1,1),not(and(1,0)))
and(or(1,1),not(and(1,1)))
and(0,or(0,0))
and(0,or(0,1))
and(0,or(1,0))
and(0,or(1,1))
and(1,or(0,0))
and(1,or(0,1))
and(1,or(1,0))
and(1,or(1,1))
or(and(0,0),and(0,0))
or(and(0,0),and(0,1))
or(and(0,1),and(0,0))
or(and(0,1),and(0,1))
or(and(1,0),and(1,0))
or(and(1,0),and(1,1))
or(and(1,1),and(1,0))
or(and(1,1),and(1,1))
or(and(0,0),and(0,0))
or(and(0,0),and(0,1))
or(and(0,1),and(0,0))
or(and(0,1),and(0,1))
or(and(1,0),and(1,0))
or(and(1,0),and(1,1))
or(and(1,1),and(1,0))
or(and(1,1),and(1,1))
or(0,and(0,0))
or(0,and(0,1))
or(0,and(1,0))
or(0,and(1,1))
or(1,and(0,0))
or(1,and(0,1))
or(1,and(1,0))
or(1,and(1,1))
or(or(0,0),0)
or(or(0,0),1)
or(or(0,1),0)
or(or(0,1),1)
or(or(1,0),0)
or(or(1,0),1)
or(or(1,1),0)
or(or(1,1),1)
or(and(0,0,0),and(or(0,0),0))
or(and(0,0,1),and(or(0,0),1))
or(and(0,1,0),and(or(0,1),0))
or(and(0,1,1),and(or(0,1),1))
or(and(1,0,0),and(or(1,0),0))
or(and(1,0,1),and(or(1,0),1))
or(and(1,1,0),and(or(1,1),0))
or(and(1,1,1),and(or(1,1),1))
or(and(0,0,0),and(0,not(0),0),and(not(0),not(0),0),and(not(0),not(0),not(0)))
or(and(0,0,1),and(0,not(0),1),and(not(0),not(0),1),and(not(0),not(0),not(1)))
or(and(0,1,0),and(0,not(1),0),and(not(0),not(1),0),and(not(0),not(1),not(0)))
or(and(0,1,1),and(0,not(1),1),and(not(0),not(1),1),and(not(0),not(1),not(1)))
or(and(1,0,0),and(1,not(0),0),and(not(1),not(0),0),and(not(1),not(0),not(0)))
or(and(1,0,1),and(1,not(0),1),and(not(1),not(0),1),and(not(1),not(0),not(1)))
or(and(1,1,0),and(1,not(1),0),and(not(1),not(1),0),and(not(1),not(1),not(0)))
or(and(1,1,1),and(1,not(1),1),and(not(1),not(1),1),and(not(1),not(1),not(1)))
or(not(0),0,and(0,0,not(0)))
or(not(0),0,and(0,0,not(1)))
or(not(0),1,and(0,1,not(0)))
or(not(0),1,and(0,1,not(1)))
or(not(1),0,and(1,0,not(0)))
or(not(1),0,and(1,0,not(1)))
or(not(1),1,and(1,1,not(0)))
or(not(1),1,and(1,1,not(1)))
and(or(0,0,not(0)),or(0,0),or(not(0),0))
and(or(0,0,not(1)),or(0,1),or(not(0),1))
and(or(0,1,not(0)),or(1,0),or(not(0),0))
and(or(0,1,not(1)),or(1,1),or(not(0),1))
and(or(1,0,not(0)),or(0,0),or(not(1),0))
and(or(1,0,not(1)),or(0,1),or(not(1),1))
and(or(1,1,not(0)),or(1,0),or(not(1),0))
and(or(1,1,not(1)),or(1,1),or(not(1),1))
or(or(and(not(and(0,0)),not(0)),and(not(0),0,0),and(0,0,0),and(0,not(0),not(0))),and(0,not(0),0))
or(or(and(not(and(0,0)),not(1)),and(not(0),0,1),and(0,0,1),and(0,not(0),not(1))),and(0,not(0),1))
or(or(and(not(and(0,1)),not(0)),and(not(0),1,0),and(0,1,0),and(0,not(1),not(0))),and(0,not(1),0))
or(or(and(not(and(0,1)),not(1)),and(not(0),1,1),and(0,1,1),and(0,not(1),not(1))),and(0,not(1),1))
or(or(and(not(and(1,0)),not(0)),and(not(1),0,0),and(1,0,0),and(1,not(0),not(0))),and(1,not(0),0))
or(or(and(not(and(1,0)),not(1)),and(not(1),0,1),and(1,0,1),and(1,not(0),not(1))),and(1,not(0),1))
or(or(and(not(and(1,1)),not(0)),and(not(1),1,0),and(1,1,0),and(1,not(1),not(0))),and(1,not(1),0))
or(or(and(not(and(1,1)),not(1)),and(not(1),1,1),and(1,1,1),and(1,not(1),not(1))),and(1,not(1),1))
or(and(0,0,0),and(0,not(0),not(and(not(0),not(0)))))
or(and(0,0,1),and(0,not(0),not(and(not(0),not(1)))))
or(and(0,1,0),and(0,not(1),not(and(not(0),not(0)))))
or(and(0,1,1),and(0,not(1),not(and(not(0),not(1)))))
or(and(1,0,0),and(1,not(0),not(and(not(1),not(0)))))
or(and(1,0,1),and(1,not(0),not(and(not(1),not(1)))))
or(and(1,1,0),and(1,not(1),not(and(not(1),not(0)))))
or(and(1,1,1),and(1,not(1),not(and(not(1),not(1)))))
